[debug] > Exec(update, None, None)
[debug] Evaluating tasks: update
[debug] Running task... Cancel: Signal, check cycles: false, forcegc: true
[info] downloading https://repo1.maven.org/maven2/org/apache/kafka/kafka-clients/3.8.0/kafka-clients-3.8.0.pom
[info] downloaded https://repo1.maven.org/maven2/org/apache/kafka/kafka-clients/3.8.0/kafka-clients-3.8.0.pom
[info] downloading https://repo1.maven.org/maven2/org/lz4/lz4-java/1.8.0/lz4-java-1.8.0.pom
[info] downloading https://repo1.maven.org/maven2/org/xerial/snappy/snappy-java/1.1.10.5/snappy-java-1.1.10.5.pom
[info] downloading https://repo1.maven.org/maven2/com/github/luben/zstd-jni/1.5.6-3/zstd-jni-1.5.6-3.pom
[info] downloaded https://repo1.maven.org/maven2/org/lz4/lz4-java/1.8.0/lz4-java-1.8.0.pom
[info] downloaded https://repo1.maven.org/maven2/com/github/luben/zstd-jni/1.5.6-3/zstd-jni-1.5.6-3.pom
[info] downloaded https://repo1.maven.org/maven2/org/xerial/snappy/snappy-java/1.1.10.5/snappy-java-1.1.10.5.pom
[info] downloading https://repo1.maven.org/maven2/org/xerial/snappy/snappy-java/1.1.10.5/snappy-java-1.1.10.5.jar
[info] downloading https://repo1.maven.org/maven2/com/github/luben/zstd-jni/1.5.6-3/zstd-jni-1.5.6-3.jar
[info] downloading https://repo1.maven.org/maven2/org/lz4/lz4-java/1.8.0/lz4-java-1.8.0.jar
[info] downloading https://repo1.maven.org/maven2/org/apache/kafka/kafka-clients/3.8.0/kafka-clients-3.8.0.jar
[info] downloaded https://repo1.maven.org/maven2/org/lz4/lz4-java/1.8.0/lz4-java-1.8.0.jar
[info] downloaded https://repo1.maven.org/maven2/org/xerial/snappy/snappy-java/1.1.10.5/snappy-java-1.1.10.5.jar
[info] downloaded https://repo1.maven.org/maven2/org/apache/kafka/kafka-clients/3.8.0/kafka-clients-3.8.0.jar
[info] downloaded https://repo1.maven.org/maven2/com/github/luben/zstd-jni/1.5.6-3/zstd-jni-1.5.6-3.jar
[success] Total time: 3 s, completed 3 дек. 2024 г., 23:20:08
[debug] > Exec(idea-shell, None, None)
